<?xml version="1.0" encoding="UTF-8"?>
<!-- Generated by org.testng.reporters.JUnitReportReporter -->
<testsuite hostname="DESKTOP-ESENG68" failures="0" tests="1" name="SauseDemo.Annotation.Practice.Practice2" time="0.002" errors="0" timestamp="2022-05-26T12:33:46 IST" skipped="0">
  <testcase classname="SauseDemo.Annotation.Practice.Practice2" name="testcase1" time="0.002"/>
  <system-out/>
</testsuite> <!-- SauseDemo.Annotation.Practice.Practice2 -->
