<?xml version="1.0" encoding="UTF-8"?>
<!-- Generated by org.testng.reporters.JUnitReportReporter -->
<testsuite hostname="DESKTOP-ESENG68" failures="0" tests="5" name="KeyWordsInSelenium.KeywordPractice" time="0.028" errors="0" timestamp="2022-05-26T18:52:28 IST" skipped="0">
  <testcase classname="KeyWordsInSelenium.KeywordPractice" name="TestD" time="0.018"/>
  <system-out/>
  <testcase classname="KeyWordsInSelenium.KeywordPractice" name="TestC" time="0.003"/>
  <system-out/>
  <testcase classname="KeyWordsInSelenium.KeywordPractice" name="TestC" time="0.003"/>
  <system-out/>
  <testcase classname="KeyWordsInSelenium.KeywordPractice" name="TestB" time="0.002"/>
  <system-out/>
  <testcase classname="KeyWordsInSelenium.KeywordPractice" name="TestE" time="0.002"/>
  <system-out/>
</testsuite> <!-- KeyWordsInSelenium.KeywordPractice -->
