<?xml version="1.0" encoding="UTF-8"?>
<!-- Generated by org.testng.reporters.JUnitReportReporter -->
<testsuite hostname="DESKTOP-ESENG68" failures="0" tests="1" name="SauseDemo.TestCases.TC06AddtoCart" time="71.133" errors="0" timestamp="2022-05-25T16:08:30 IST" skipped="0">
  <testcase classname="SauseDemo.TestCases.TC06AddtoCart" name="productadd" time="71.133"/>
  <system-out/>
</testsuite> <!-- SauseDemo.TestCases.TC06AddtoCart -->
