<?xml version="1.0" encoding="UTF-8"?>
<!-- Generated by org.testng.reporters.JUnitReportReporter -->
<testsuite hostname="DESKTOP-ESENG68" failures="0" tests="1" name="SauseDemo.TestCases.TC01_BaseClassLogin" time="58.626" errors="0" timestamp="2022-05-25T22:20:50 IST" skipped="0">
  <testcase classname="SauseDemo.TestCases.TC01_BaseClassLogin" name="loginfunctionality" time="58.626"/>
  <system-out/>
</testsuite> <!-- SauseDemo.TestCases.TC01_BaseClassLogin -->
